<?xml version="1.0" encoding="UTF-8"?>
<!-- Generated by org.testng.reporters.JUnitReportReporter -->
<testsuite hostname="a-PC" name="LaunchDynamically" tests="3" failures="0" timestamp="5 Oct 2015 05:13:12 GMT" time="43.934" errors="0">
  <testcase name="testApp" time="12.706" classname="LaunchDynamically"/>
  <testcase name="testApp" time="19.116" classname="LaunchDynamically"/>
  <testcase name="testApp" time="12.112" classname="LaunchDynamically"/>
</testsuite> <!-- LaunchDynamically -->
