<?xml version="1.0" encoding="UTF-8"?>
<!-- Generated by org.testng.reporters.JUnitReportReporter -->
<testsuite skipped="0" hostname="Ramas-iMac.local" name="LaunchBrowsers" tests="3" failures="0" timestamp="20 Feb 2018 17:38:14 GMT" time="130.254" errors="0">
  <testcase name="launch" time="56.040" classname="LaunchBrowsers"/>
  <testcase name="launch" time="9.480" classname="LaunchBrowsers"/>
  <testcase name="launch" time="64.734" classname="LaunchBrowsers"/>
</testsuite> <!-- LaunchBrowsers -->
